<<<<<<< HEAD
=======
<<<<<<< HEAD
>>>>>>> refs/remotes/origin/main
C:\Users\Franel\source\repos\Casse_briques\Casse_briques\Balle.cs
Initialize 78
Initialize -1
Update 8
Update -1
collision_brique 14
collision_brique -1
perte 2
perte -1
reset 3
reset -1

C:\Users\Franel\source\repos\Casse_briques\Casse_briques\Brique.cs
Initialize 3
Initialize -1
playSon 12
playSon -1

C:\Users\Franel\source\repos\Casse_briques\Casse_briques\BriqueVitesse.cs
Initialize 3
Initialize -1

C:\Users\Franel\source\repos\Casse_briques\Casse_briques\CasseBrique.cs
Initialize 7
Initialize -1
LoadContent 3
LoadContent -1
Update 2
Update -1
Draw 15
Draw -1

C:\Users\Franel\source\repos\Casse_briques\Casse_briques\Element2D.cs
Initialize 3
Initialize -1
Draw 3
Draw -1

C:\Users\Franel\source\repos\Casse_briques\Casse_briques\ElementText2D.cs
LoadContent 3
LoadContent -1
Draw 4
Draw -1

C:\Users\Franel\source\repos\Casse_briques\Casse_briques\Hud.cs
Initialize 3
Initialize -1
update_text 3
update_text -1

C:\Users\Franel\source\repos\Casse_briques\Casse_briques\MurDeBrique.cs
Initialize 3
Initialize -1
startLevel 2
startLevel -1
getLevel 2
getLevel -1
detection_collision 2
detection_collision -1
removeAllBrique 2
removeAllBrique -1

C:\Users\Franel\source\repos\Casse_briques\Casse_briques\Program.cs
Main 2
Main -1

C:\Users\Franel\source\repos\Casse_briques\Casse_briques\Raquette.cs
Update 5
Update -1
reset 3
reset -1

C:\Users\Franel\source\repos\Casse_briques\Casse_briques\obj\Debug\netcoreapp3.1\.NETCoreApp,Version=v3.1.AssemblyAttributes.cs

C:\Users\Franel\source\repos\Casse_briques\Casse_briques\obj\Debug\netcoreapp3.1\Casse_briques.AssemblyInfo.cs

<<<<<<< HEAD
=======
=======
<<<<<<< HEAD
C:\Users\Franel\source\repos\Casse_briques\Casse_briques\Balle.cs
Initialize 78
Initialize -1
Update 8
Update -1
collision_brique 14
collision_brique -1
perte 2
perte -1
reset 3
reset -1

C:\Users\Franel\source\repos\Casse_briques\Casse_briques\Brique.cs
Initialize 3
Initialize -1
playSon 12
playSon -1

C:\Users\Franel\source\repos\Casse_briques\Casse_briques\BriqueVitesse.cs
Initialize 3
Initialize -1

C:\Users\Franel\source\repos\Casse_briques\Casse_briques\CasseBrique.cs
Initialize 7
Initialize -1
LoadContent 3
LoadContent -1
Update 2
Update -1
Draw 15
Draw -1

C:\Users\Franel\source\repos\Casse_briques\Casse_briques\Element2D.cs
Initialize 3
Initialize -1
Draw 3
Draw -1

C:\Users\Franel\source\repos\Casse_briques\Casse_briques\ElementText2D.cs
LoadContent 3
LoadContent -1
Draw 4
Draw -1

C:\Users\Franel\source\repos\Casse_briques\Casse_briques\Hud.cs
Initialize 3
Initialize -1
update_text 3
update_text -1

C:\Users\Franel\source\repos\Casse_briques\Casse_briques\MurDeBrique.cs
Initialize 3
Initialize -1
startLevel 2
startLevel -1
getLevel 2
getLevel -1
detection_collision 2
detection_collision -1
removeAllBrique 2
removeAllBrique -1

C:\Users\Franel\source\repos\Casse_briques\Casse_briques\Program.cs
Main 2
Main -1

C:\Users\Franel\source\repos\Casse_briques\Casse_briques\Raquette.cs
Update 5
Update -1
reset 3
reset -1

C:\Users\Franel\source\repos\Casse_briques\Casse_briques\obj\Debug\netcoreapp3.1\.NETCoreApp,Version=v3.1.AssemblyAttributes.cs

C:\Users\Franel\source\repos\Casse_briques\Casse_briques\obj\Debug\netcoreapp3.1\Casse_briques.AssemblyInfo.cs

=======
C:\Users\Franel\source\repos\Casse_briques\Casse_briques\Balle.cs
Initialize 78
Initialize -1
Update 8
Update -1
collision_brique 14
collision_brique -1
perte 2
perte -1
reset 3
reset -1

C:\Users\Franel\source\repos\Casse_briques\Casse_briques\Brique.cs
Initialize 3
Initialize -1
playSon 12
playSon -1

C:\Users\Franel\source\repos\Casse_briques\Casse_briques\BriqueVitesse.cs
Initialize 3
Initialize -1

C:\Users\Franel\source\repos\Casse_briques\Casse_briques\CasseBrique.cs
Initialize 7
Initialize -1
LoadContent 3
LoadContent -1
Update 2
Update -1
Draw 15
Draw -1

C:\Users\Franel\source\repos\Casse_briques\Casse_briques\Element2D.cs
Initialize 3
Initialize -1
Draw 3
Draw -1

C:\Users\Franel\source\repos\Casse_briques\Casse_briques\ElementText2D.cs
LoadContent 3
LoadContent -1
Draw 4
Draw -1

C:\Users\Franel\source\repos\Casse_briques\Casse_briques\Hud.cs
Initialize 3
Initialize -1
update_text 3
update_text -1

C:\Users\Franel\source\repos\Casse_briques\Casse_briques\MurDeBrique.cs
Initialize 3
Initialize -1
startLevel 2
startLevel -1
getLevel 2
getLevel -1
detection_collision 2
detection_collision -1
removeAllBrique 2
removeAllBrique -1

C:\Users\Franel\source\repos\Casse_briques\Casse_briques\Program.cs
Main 2
Main -1

C:\Users\Franel\source\repos\Casse_briques\Casse_briques\Raquette.cs
Update 5
Update -1
reset 3
reset -1

C:\Users\Franel\source\repos\Casse_briques\Casse_briques\obj\Debug\netcoreapp3.1\.NETCoreApp,Version=v3.1.AssemblyAttributes.cs

C:\Users\Franel\source\repos\Casse_briques\Casse_briques\obj\Debug\netcoreapp3.1\Casse_briques.AssemblyInfo.cs

>>>>>>> 6afa81e4cd8c2141f3c08f9d57fd7c9b2cd46aae
>>>>>>> b8053d46eb6d967618b083729549bf39179b8e68
>>>>>>> refs/remotes/origin/main
